start server: 127.0.0.1:9500
insert user success
insert message success
update user success
User offline
[ { _id: '18/11/2015 - 22:28:18',
    username: 'nguyensonghao',
    email: 'nguyensonghao974@gmail.com',
    date_register: '18/11/2015 - 22:28:18',
    status: 0 } ]
user is updated online
[ { _id: '18/11/2015 - 22:28:18',
    username: 'nguyensonghao',
    email: 'nguyensonghao974@gmail.com',
    date_register: '18/11/2015 - 22:28:18',
    status: 1 } ]
update user success
User offline
[ { _id: '18/11/2015 - 22:28:18',
    username: 'nguyensonghao',
    email: 'nguyensonghao974@gmail.com',
    date_register: '18/11/2015 - 22:28:18',
    status: 0 } ]
user is updated online
[ { _id: '18/11/2015 - 22:28:18',
    username: 'nguyensonghao',
    email: 'nguyensonghao974@gmail.com',
    date_register: '18/11/2015 - 22:28:18',
    status: 1 } ]
update user success
User offline
[ { _id: '18/11/2015 - 22:28:18',
    username: 'nguyensonghao',
    email: 'nguyensonghao974@gmail.com',
    date_register: '18/11/2015 - 22:28:18',
    status: 0 } ]
insert user success
insert user success
insert message success
insert message success
insert user success
insert message success
insert user success
insert message success
insert message private success
insert message private success
update message success
user is updated online
[ { _id: '18/11/2015 - 22:28:18',
    username: 'nguyensonghao',
    email: 'nguyensonghao974@gmail.com',
    date_register: '18/11/2015 - 22:28:18',
    status: 0 },
  { _id: '18/11/2015 - 23:19:20',
    username: 'nguyensonghao',
    email: 'hao@gmail.com',
    date_register: '18/11/2015 - 23:19:20',
    status: 1 },
  { _id: '18/11/2015 - 23:19:21',
    username: 'songnhi',
    email: 'trinhnguyen.se@gmail.com',
    date_register: '18/11/2015 - 23:19:21',
    status: 1 },
  { _id: '18/11/2015 - 23:21:12',
    username: 'ngoc',
    email: 'samakaonashii@gmail.com',
    date_register: '18/11/2015 - 23:21:12',
    status: 1 },
  { _id: '18/11/2015 - 23:21:50',
    username: 'Test',
    email: 'test@gmail.com',
    date_register: '18/11/2015 - 23:21:50',
    status: 1 } ]
user is updated online
[ { _id: '18/11/2015 - 22:28:18',
    username: 'nguyensonghao',
    email: 'nguyensonghao974@gmail.com',
    date_register: '18/11/2015 - 22:28:18',
    status: 0 },
  { _id: '18/11/2015 - 23:19:20',
    username: 'nguyensonghao',
    email: 'hao@gmail.com',
    date_register: '18/11/2015 - 23:19:20',
    status: 1 },
  { _id: '18/11/2015 - 23:19:21',
    username: 'songnhi',
    email: 'trinhnguyen.se@gmail.com',
    date_register: '18/11/2015 - 23:19:21',
    status: 1 },
  { _id: '18/11/2015 - 23:21:12',
    username: 'ngoc',
    email: 'samakaonashii@gmail.com',
    date_register: '18/11/2015 - 23:21:12',
    status: 1 },
  { _id: '18/11/2015 - 23:21:50',
    username: 'Test',
    email: 'test@gmail.com',
    date_register: '18/11/2015 - 23:21:50',
    status: 1 } ]
insert message private success
insert message private success
insert message private success
insert message private success
insert message private success
insert message private success
update message success
user is updated online
[ { _id: '18/11/2015 - 22:28:18',
    username: 'nguyensonghao',
    email: 'nguyensonghao974@gmail.com',
    date_register: '18/11/2015 - 22:28:18',
    status: 0 },
  { _id: '18/11/2015 - 23:19:20',
    username: 'nguyensonghao',
    email: 'hao@gmail.com',
    date_register: '18/11/2015 - 23:19:20',
    status: 1 },
  { _id: '18/11/2015 - 23:19:21',
    username: 'songnhi',
    email: 'trinhnguyen.se@gmail.com',
    date_register: '18/11/2015 - 23:19:21',
    status: 1 },
  { _id: '18/11/2015 - 23:21:12',
    username: 'ngoc',
    email: 'samakaonashii@gmail.com',
    date_register: '18/11/2015 - 23:21:12',
    status: 1 },
  { _id: '18/11/2015 - 23:21:50',
    username: 'Test',
    email: 'test@gmail.com',
    date_register: '18/11/2015 - 23:21:50',
    status: 1 } ]
insert message private success
insert message private success
user is updated online
[ { _id: '18/11/2015 - 22:28:18',
    username: 'nguyensonghao',
    email: 'nguyensonghao974@gmail.com',
    date_register: '18/11/2015 - 22:28:18',
    status: 0 },
  { _id: '18/11/2015 - 23:19:20',
    username: 'nguyensonghao',
    email: 'hao@gmail.com',
    date_register: '18/11/2015 - 23:19:20',
    status: 1 },
  { _id: '18/11/2015 - 23:19:21',
    username: 'songnhi',
    email: 'trinhnguyen.se@gmail.com',
    date_register: '18/11/2015 - 23:19:21',
    status: 1 },
  { _id: '18/11/2015 - 23:21:12',
    username: 'ngoc',
    email: 'samakaonashii@gmail.com',
    date_register: '18/11/2015 - 23:21:12',
    status: 1 },
  { _id: '18/11/2015 - 23:21:50',
    username: 'Test',
    email: 'test@gmail.com',
    date_register: '18/11/2015 - 23:21:50',
    status: 1 } ]
user is updated online
[ { _id: '18/11/2015 - 22:28:18',
    username: 'nguyensonghao',
    email: 'nguyensonghao974@gmail.com',
    date_register: '18/11/2015 - 22:28:18',
    status: 0 },
  { _id: '18/11/2015 - 23:19:20',
    username: 'nguyensonghao',
    email: 'hao@gmail.com',
    date_register: '18/11/2015 - 23:19:20',
    status: 1 },
  { _id: '18/11/2015 - 23:19:21',
    username: 'songnhi',
    email: 'trinhnguyen.se@gmail.com',
    date_register: '18/11/2015 - 23:19:21',
    status: 1 },
  { _id: '18/11/2015 - 23:21:12',
    username: 'ngoc',
    email: 'samakaonashii@gmail.com',
    date_register: '18/11/2015 - 23:21:12',
    status: 1 },
  { _id: '18/11/2015 - 23:21:50',
    username: 'Test',
    email: 'test@gmail.com',
    date_register: '18/11/2015 - 23:21:50',
    status: 1 } ]
user is updated online
[ { _id: '18/11/2015 - 22:28:18',
    username: 'nguyensonghao',
    email: 'nguyensonghao974@gmail.com',
    date_register: '18/11/2015 - 22:28:18',
    status: 0 },
  { _id: '18/11/2015 - 23:19:20',
    username: 'nguyensonghao',
    email: 'hao@gmail.com',
    date_register: '18/11/2015 - 23:19:20',
    status: 1 },
  { _id: '18/11/2015 - 23:19:21',
    username: 'songnhi',
    email: 'trinhnguyen.se@gmail.com',
    date_register: '18/11/2015 - 23:19:21',
    status: 1 },
  { _id: '18/11/2015 - 23:21:12',
    username: 'ngoc',
    email: 'samakaonashii@gmail.com',
    date_register: '18/11/2015 - 23:21:12',
    status: 1 },
  { _id: '18/11/2015 - 23:21:50',
    username: 'Test',
    email: 'test@gmail.com',
    date_register: '18/11/2015 - 23:21:50',
    status: 1 } ]
insert message private success
insert message private success
user is updated online
[ { _id: '18/11/2015 - 22:28:18',
    username: 'nguyensonghao',
    email: 'nguyensonghao974@gmail.com',
    date_register: '18/11/2015 - 22:28:18',
    status: 0 },
  { _id: '18/11/2015 - 23:19:20',
    username: 'nguyensonghao',
    email: 'hao@gmail.com',
    date_register: '18/11/2015 - 23:19:20',
    status: 1 },
  { _id: '18/11/2015 - 23:19:21',
    username: 'songnhi',
    email: 'trinhnguyen.se@gmail.com',
    date_register: '18/11/2015 - 23:19:21',
    status: 1 },
  { _id: '18/11/2015 - 23:21:12',
    username: 'ngoc',
    email: 'samakaonashii@gmail.com',
    date_register: '18/11/2015 - 23:21:12',
    status: 1 },
  { _id: '18/11/2015 - 23:21:50',
    username: 'Test',
    email: 'test@gmail.com',
    date_register: '18/11/2015 - 23:21:50',
    status: 1 } ]
update message success
user is updated online
[ { _id: '18/11/2015 - 22:28:18',
    username: 'nguyensonghao',
    email: 'nguyensonghao974@gmail.com',
    date_register: '18/11/2015 - 22:28:18',
    status: 0 },
  { _id: '18/11/2015 - 23:19:20',
    username: 'nguyensonghao',
    email: 'hao@gmail.com',
    date_register: '18/11/2015 - 23:19:20',
    status: 1 },
  { _id: '18/11/2015 - 23:19:21',
    username: 'songnhi',
    email: 'trinhnguyen.se@gmail.com',
    date_register: '18/11/2015 - 23:19:21',
    status: 1 },
  { _id: '18/11/2015 - 23:21:12',
    username: 'ngoc',
    email: 'samakaonashii@gmail.com',
    date_register: '18/11/2015 - 23:21:12',
    status: 1 },
  { _id: '18/11/2015 - 23:21:50',
    username: 'Test',
    email: 'test@gmail.com',
    date_register: '18/11/2015 - 23:21:50',
    status: 1 } ]
update message success
insert message private success
insert message private success
user is updated online
[ { _id: '18/11/2015 - 22:28:18',
    username: 'nguyensonghao',
    email: 'nguyensonghao974@gmail.com',
    date_register: '18/11/2015 - 22:28:18',
    status: 0 },
  { _id: '18/11/2015 - 23:19:20',
    username: 'nguyensonghao',
    email: 'hao@gmail.com',
    date_register: '18/11/2015 - 23:19:20',
    status: 1 },
  { _id: '18/11/2015 - 23:19:21',
    username: 'songnhi',
    email: 'trinhnguyen.se@gmail.com',
    date_register: '18/11/2015 - 23:19:21',
    status: 1 },
  { _id: '18/11/2015 - 23:21:12',
    username: 'ngoc',
    email: 'samakaonashii@gmail.com',
    date_register: '18/11/2015 - 23:21:12',
    status: 1 },
  { _id: '18/11/2015 - 23:21:50',
    username: 'Test',
    email: 'test@gmail.com',
    date_register: '18/11/2015 - 23:21:50',
    status: 1 } ]
insert message private success
insert message private success
user is updated online
[ { _id: '18/11/2015 - 22:28:18',
    username: 'nguyensonghao',
    email: 'nguyensonghao974@gmail.com',
    date_register: '18/11/2015 - 22:28:18',
    status: 0 },
  { _id: '18/11/2015 - 23:19:20',
    username: 'nguyensonghao',
    email: 'hao@gmail.com',
    date_register: '18/11/2015 - 23:19:20',
    status: 1 },
  { _id: '18/11/2015 - 23:19:21',
    username: 'songnhi',
    email: 'trinhnguyen.se@gmail.com',
    date_register: '18/11/2015 - 23:19:21',
    status: 1 },
  { _id: '18/11/2015 - 23:21:12',
    username: 'ngoc',
    email: 'samakaonashii@gmail.com',
    date_register: '18/11/2015 - 23:21:12',
    status: 1 },
  { _id: '18/11/2015 - 23:21:50',
    username: 'Test',
    email: 'test@gmail.com',
    date_register: '18/11/2015 - 23:21:50',
    status: 1 } ]
user is updated online
[ { _id: '18/11/2015 - 22:28:18',
    username: 'nguyensonghao',
    email: 'nguyensonghao974@gmail.com',
    date_register: '18/11/2015 - 22:28:18',
    status: 0 },
  { _id: '18/11/2015 - 23:19:20',
    username: 'nguyensonghao',
    email: 'hao@gmail.com',
    date_register: '18/11/2015 - 23:19:20',
    status: 1 },
  { _id: '18/11/2015 - 23:19:21',
    username: 'songnhi',
    email: 'trinhnguyen.se@gmail.com',
    date_register: '18/11/2015 - 23:19:21',
    status: 1 },
  { _id: '18/11/2015 - 23:21:12',
    username: 'ngoc',
    email: 'samakaonashii@gmail.com',
    date_register: '18/11/2015 - 23:21:12',
    status: 1 },
  { _id: '18/11/2015 - 23:21:50',
    username: 'Test',
    email: 'test@gmail.com',
    date_register: '18/11/2015 - 23:21:50',
    status: 1 } ]
update message success
user is updated online
[ { _id: '18/11/2015 - 22:28:18',
    username: 'nguyensonghao',
    email: 'nguyensonghao974@gmail.com',
    date_register: '18/11/2015 - 22:28:18',
    status: 0 },
  { _id: '18/11/2015 - 23:19:20',
    username: 'nguyensonghao',
    email: 'hao@gmail.com',
    date_register: '18/11/2015 - 23:19:20',
    status: 1 },
  { _id: '18/11/2015 - 23:19:21',
    username: 'songnhi',
    email: 'trinhnguyen.se@gmail.com',
    date_register: '18/11/2015 - 23:19:21',
    status: 1 },
  { _id: '18/11/2015 - 23:21:12',
    username: 'ngoc',
    email: 'samakaonashii@gmail.com',
    date_register: '18/11/2015 - 23:21:12',
    status: 1 },
  { _id: '18/11/2015 - 23:21:50',
    username: 'Test',
    email: 'test@gmail.com',
    date_register: '18/11/2015 - 23:21:50',
    status: 1 } ]
insert message success
user is updated online
[ { _id: '18/11/2015 - 22:28:18',
    username: 'nguyensonghao',
    email: 'nguyensonghao974@gmail.com',
    date_register: '18/11/2015 - 22:28:18',
    status: 0 },
  { _id: '18/11/2015 - 23:19:20',
    username: 'nguyensonghao',
    email: 'hao@gmail.com',
    date_register: '18/11/2015 - 23:19:20',
    status: 1 },
  { _id: '18/11/2015 - 23:19:21',
    username: 'songnhi',
    email: 'trinhnguyen.se@gmail.com',
    date_register: '18/11/2015 - 23:19:21',
    status: 1 },
  { _id: '18/11/2015 - 23:21:12',
    username: 'ngoc',
    email: 'samakaonashii@gmail.com',
    date_register: '18/11/2015 - 23:21:12',
    status: 1 },
  { _id: '18/11/2015 - 23:21:50',
    username: 'Test',
    email: 'test@gmail.com',
    date_register: '18/11/2015 - 23:21:50',
    status: 1 } ]
update user success
User offline
[ { _id: '18/11/2015 - 22:28:18',
    username: 'nguyensonghao',
    email: 'nguyensonghao974@gmail.com',
    date_register: '18/11/2015 - 22:28:18',
    status: 0 },
  { _id: '18/11/2015 - 23:19:20',
    username: 'nguyensonghao',
    email: 'hao@gmail.com',
    date_register: '18/11/2015 - 23:19:20',
    status: 0 },
  { _id: '18/11/2015 - 23:19:21',
    username: 'songnhi',
    email: 'trinhnguyen.se@gmail.com',
    date_register: '18/11/2015 - 23:19:21',
    status: 1 },
  { _id: '18/11/2015 - 23:21:12',
    username: 'ngoc',
    email: 'samakaonashii@gmail.com',
    date_register: '18/11/2015 - 23:21:12',
    status: 1 },
  { _id: '18/11/2015 - 23:21:50',
    username: 'Test',
    email: 'test@gmail.com',
    date_register: '18/11/2015 - 23:21:50',
    status: 1 } ]
insert message private success
insert message private success
user is updated online
[ { _id: '18/11/2015 - 22:28:18',
    username: 'nguyensonghao',
    email: 'nguyensonghao974@gmail.com',
    date_register: '18/11/2015 - 22:28:18',
    status: 0 },
  { _id: '18/11/2015 - 23:19:20',
    username: 'nguyensonghao',
    email: 'hao@gmail.com',
    date_register: '18/11/2015 - 23:19:20',
    status: 1 },
  { _id: '18/11/2015 - 23:19:21',
    username: 'songnhi',
    email: 'trinhnguyen.se@gmail.com',
    date_register: '18/11/2015 - 23:19:21',
    status: 1 },
  { _id: '18/11/2015 - 23:21:12',
    username: 'ngoc',
    email: 'samakaonashii@gmail.com',
    date_register: '18/11/2015 - 23:21:12',
    status: 1 },
  { _id: '18/11/2015 - 23:21:50',
    username: 'Test',
    email: 'test@gmail.com',
    date_register: '18/11/2015 - 23:21:50',
    status: 1 } ]
user is updated online
[ { _id: '18/11/2015 - 22:28:18',
    username: 'nguyensonghao',
    email: 'nguyensonghao974@gmail.com',
    date_register: '18/11/2015 - 22:28:18',
    status: 0 },
  { _id: '18/11/2015 - 23:19:20',
    username: 'nguyensonghao',
    email: 'hao@gmail.com',
    date_register: '18/11/2015 - 23:19:20',
    status: 1 },
  { _id: '18/11/2015 - 23:19:21',
    username: 'songnhi',
    email: 'trinhnguyen.se@gmail.com',
    date_register: '18/11/2015 - 23:19:21',
    status: 1 },
  { _id: '18/11/2015 - 23:21:12',
    username: 'ngoc',
    email: 'samakaonashii@gmail.com',
    date_register: '18/11/2015 - 23:21:12',
    status: 1 },
  { _id: '18/11/2015 - 23:21:50',
    username: 'Test',
    email: 'test@gmail.com',
    date_register: '18/11/2015 - 23:21:50',
    status: 1 } ]
update user success
User offline
[ { _id: '18/11/2015 - 22:28:18',
    username: 'nguyensonghao',
    email: 'nguyensonghao974@gmail.com',
    date_register: '18/11/2015 - 22:28:18',
    status: 0 },
  { _id: '18/11/2015 - 23:19:20',
    username: 'nguyensonghao',
    email: 'hao@gmail.com',
    date_register: '18/11/2015 - 23:19:20',
    status: 1 },
  { _id: '18/11/2015 - 23:19:21',
    username: 'songnhi',
    email: 'trinhnguyen.se@gmail.com',
    date_register: '18/11/2015 - 23:19:21',
    status: 0 },
  { _id: '18/11/2015 - 23:21:12',
    username: 'ngoc',
    email: 'samakaonashii@gmail.com',
    date_register: '18/11/2015 - 23:21:12',
    status: 1 },
  { _id: '18/11/2015 - 23:21:50',
    username: 'Test',
    email: 'test@gmail.com',
    date_register: '18/11/2015 - 23:21:50',
    status: 1 } ]
user is updated online
[ { _id: '18/11/2015 - 22:28:18',
    username: 'nguyensonghao',
    email: 'nguyensonghao974@gmail.com',
    date_register: '18/11/2015 - 22:28:18',
    status: 0 },
  { _id: '18/11/2015 - 23:19:20',
    username: 'nguyensonghao',
    email: 'hao@gmail.com',
    date_register: '18/11/2015 - 23:19:20',
    status: 1 },
  { _id: '18/11/2015 - 23:19:21',
    username: 'songnhi',
    email: 'trinhnguyen.se@gmail.com',
    date_register: '18/11/2015 - 23:19:21',
    status: 1 },
  { _id: '18/11/2015 - 23:21:12',
    username: 'ngoc',
    email: 'samakaonashii@gmail.com',
    date_register: '18/11/2015 - 23:21:12',
    status: 1 },
  { _id: '18/11/2015 - 23:21:50',
    username: 'Test',
    email: 'test@gmail.com',
    date_register: '18/11/2015 - 23:21:50',
    status: 1 } ]
update user success
User offline
[ { _id: '18/11/2015 - 22:28:18',
    username: 'nguyensonghao',
    email: 'nguyensonghao974@gmail.com',
    date_register: '18/11/2015 - 22:28:18',
    status: 0 },
  { _id: '18/11/2015 - 23:19:20',
    username: 'nguyensonghao',
    email: 'hao@gmail.com',
    date_register: '18/11/2015 - 23:19:20',
    status: 1 },
  { _id: '18/11/2015 - 23:19:21',
    username: 'songnhi',
    email: 'trinhnguyen.se@gmail.com',
    date_register: '18/11/2015 - 23:19:21',
    status: 1 },
  { _id: '18/11/2015 - 23:21:12',
    username: 'ngoc',
    email: 'samakaonashii@gmail.com',
    date_register: '18/11/2015 - 23:21:12',
    status: 1 },
  { _id: '18/11/2015 - 23:21:50',
    username: 'Test',
    email: 'test@gmail.com',
    date_register: '18/11/2015 - 23:21:50',
    status: 0 } ]
update user success
User offline
[ { _id: '18/11/2015 - 22:28:18',
    username: 'nguyensonghao',
    email: 'nguyensonghao974@gmail.com',
    date_register: '18/11/2015 - 22:28:18',
    status: 0 },
  { _id: '18/11/2015 - 23:19:20',
    username: 'nguyensonghao',
    email: 'hao@gmail.com',
    date_register: '18/11/2015 - 23:19:20',
    status: 1 },
  { _id: '18/11/2015 - 23:19:21',
    username: 'songnhi',
    email: 'trinhnguyen.se@gmail.com',
    date_register: '18/11/2015 - 23:19:21',
    status: 1 },
  { _id: '18/11/2015 - 23:21:12',
    username: 'ngoc',
    email: 'samakaonashii@gmail.com',
    date_register: '18/11/2015 - 23:21:12',
    status: 0 },
  { _id: '18/11/2015 - 23:21:50',
    username: 'Test',
    email: 'test@gmail.com',
    date_register: '18/11/2015 - 23:21:50',
    status: 0 } ]
user is updated online
[ { _id: '18/11/2015 - 22:28:18',
    username: 'nguyensonghao',
    email: 'nguyensonghao974@gmail.com',
    date_register: '18/11/2015 - 22:28:18',
    status: 0 },
  { _id: '18/11/2015 - 23:19:20',
    username: 'nguyensonghao',
    email: 'hao@gmail.com',
    date_register: '18/11/2015 - 23:19:20',
    status: 1 },
  { _id: '18/11/2015 - 23:19:21',
    username: 'songnhi',
    email: 'trinhnguyen.se@gmail.com',
    date_register: '18/11/2015 - 23:19:21',
    status: 1 },
  { _id: '18/11/2015 - 23:21:12',
    username: 'ngoc',
    email: 'samakaonashii@gmail.com',
    date_register: '18/11/2015 - 23:21:12',
    status: 0 },
  { _id: '18/11/2015 - 23:21:50',
    username: 'Test',
    email: 'test@gmail.com',
    date_register: '18/11/2015 - 23:21:50',
    status: 1 } ]
insert message private success
insert message private success
update user success
User offline
[ { _id: '18/11/2015 - 22:28:18',
    username: 'nguyensonghao',
    email: 'nguyensonghao974@gmail.com',
    date_register: '18/11/2015 - 22:28:18',
    status: 0 },
  { _id: '18/11/2015 - 23:19:20',
    username: 'nguyensonghao',
    email: 'hao@gmail.com',
    date_register: '18/11/2015 - 23:19:20',
    status: 1 },
  { _id: '18/11/2015 - 23:19:21',
    username: 'songnhi',
    email: 'trinhnguyen.se@gmail.com',
    date_register: '18/11/2015 - 23:19:21',
    status: 1 },
  { _id: '18/11/2015 - 23:21:12',
    username: 'ngoc',
    email: 'samakaonashii@gmail.com',
    date_register: '18/11/2015 - 23:21:12',
    status: 0 },
  { _id: '18/11/2015 - 23:21:50',
    username: 'Test',
    email: 'test@gmail.com',
    date_register: '18/11/2015 - 23:21:50',
    status: 0 } ]
user is updated online
[ { _id: '18/11/2015 - 22:28:18',
    username: 'nguyensonghao',
    email: 'nguyensonghao974@gmail.com',
    date_register: '18/11/2015 - 22:28:18',
    status: 0 },
  { _id: '18/11/2015 - 23:19:20',
    username: 'nguyensonghao',
    email: 'hao@gmail.com',
    date_register: '18/11/2015 - 23:19:20',
    status: 1 },
  { _id: '18/11/2015 - 23:19:21',
    username: 'songnhi',
    email: 'trinhnguyen.se@gmail.com',
    date_register: '18/11/2015 - 23:19:21',
    status: 1 },
  { _id: '18/11/2015 - 23:21:12',
    username: 'ngoc',
    email: 'samakaonashii@gmail.com',
    date_register: '18/11/2015 - 23:21:12',
    status: 0 },
  { _id: '18/11/2015 - 23:21:50',
    username: 'Test',
    email: 'test@gmail.com',
    date_register: '18/11/2015 - 23:21:50',
    status: 1 } ]
user is updated online
[ { _id: '18/11/2015 - 22:28:18',
    username: 'nguyensonghao',
    email: 'nguyensonghao974@gmail.com',
    date_register: '18/11/2015 - 22:28:18',
    status: 0 },
  { _id: '18/11/2015 - 23:19:20',
    username: 'nguyensonghao',
    email: 'hao@gmail.com',
    date_register: '18/11/2015 - 23:19:20',
    status: 1 },
  { _id: '18/11/2015 - 23:19:21',
    username: 'songnhi',
    email: 'trinhnguyen.se@gmail.com',
    date_register: '18/11/2015 - 23:19:21',
    status: 1 },
  { _id: '18/11/2015 - 23:21:12',
    username: 'ngoc',
    email: 'samakaonashii@gmail.com',
    date_register: '18/11/2015 - 23:21:12',
    status: 0 },
  { _id: '18/11/2015 - 23:21:50',
    username: 'Test',
    email: 'test@gmail.com',
    date_register: '18/11/2015 - 23:21:50',
    status: 1 } ]
user is updated online
[ { _id: '18/11/2015 - 22:28:18',
    username: 'nguyensonghao',
    email: 'nguyensonghao974@gmail.com',
    date_register: '18/11/2015 - 22:28:18',
    status: 0 },
  { _id: '18/11/2015 - 23:19:20',
    username: 'nguyensonghao',
    email: 'hao@gmail.com',
    date_register: '18/11/2015 - 23:19:20',
    status: 1 },
  { _id: '18/11/2015 - 23:19:21',
    username: 'songnhi',
    email: 'trinhnguyen.se@gmail.com',
    date_register: '18/11/2015 - 23:19:21',
    status: 1 },
  { _id: '18/11/2015 - 23:21:12',
    username: 'ngoc',
    email: 'samakaonashii@gmail.com',
    date_register: '18/11/2015 - 23:21:12',
    status: 0 },
  { _id: '18/11/2015 - 23:21:50',
    username: 'Test',
    email: 'test@gmail.com',
    date_register: '18/11/2015 - 23:21:50',
    status: 1 } ]
user is updated online
[ { _id: '18/11/2015 - 22:28:18',
    username: 'nguyensonghao',
    email: 'nguyensonghao974@gmail.com',
    date_register: '18/11/2015 - 22:28:18',
    status: 0 },
  { _id: '18/11/2015 - 23:19:20',
    username: 'nguyensonghao',
    email: 'hao@gmail.com',
    date_register: '18/11/2015 - 23:19:20',
    status: 1 },
  { _id: '18/11/2015 - 23:19:21',
    username: 'songnhi',
    email: 'trinhnguyen.se@gmail.com',
    date_register: '18/11/2015 - 23:19:21',
    status: 1 },
  { _id: '18/11/2015 - 23:21:12',
    username: 'ngoc',
    email: 'samakaonashii@gmail.com',
    date_register: '18/11/2015 - 23:21:12',
    status: 1 },
  { _id: '18/11/2015 - 23:21:50',
    username: 'Test',
    email: 'test@gmail.com',
    date_register: '18/11/2015 - 23:21:50',
    status: 1 } ]
update user success
User offline
[ { _id: '18/11/2015 - 22:28:18',
    username: 'nguyensonghao',
    email: 'nguyensonghao974@gmail.com',
    date_register: '18/11/2015 - 22:28:18',
    status: 0 },
  { _id: '18/11/2015 - 23:19:20',
    username: 'nguyensonghao',
    email: 'hao@gmail.com',
    date_register: '18/11/2015 - 23:19:20',
    status: 0 },
  { _id: '18/11/2015 - 23:19:21',
    username: 'songnhi',
    email: 'trinhnguyen.se@gmail.com',
    date_register: '18/11/2015 - 23:19:21',
    status: 1 },
  { _id: '18/11/2015 - 23:21:12',
    username: 'ngoc',
    email: 'samakaonashii@gmail.com',
    date_register: '18/11/2015 - 23:21:12',
    status: 1 },
  { _id: '18/11/2015 - 23:21:50',
    username: 'Test',
    email: 'test@gmail.com',
    date_register: '18/11/2015 - 23:21:50',
    status: 1 } ]
user is updated online
[ { _id: '18/11/2015 - 22:28:18',
    username: 'nguyensonghao',
    email: 'nguyensonghao974@gmail.com',
    date_register: '18/11/2015 - 22:28:18',
    status: 0 },
  { _id: '18/11/2015 - 23:19:20',
    username: 'nguyensonghao',
    email: 'hao@gmail.com',
    date_register: '18/11/2015 - 23:19:20',
    status: 0 },
  { _id: '18/11/2015 - 23:19:21',
    username: 'songnhi',
    email: 'trinhnguyen.se@gmail.com',
    date_register: '18/11/2015 - 23:19:21',
    status: 1 },
  { _id: '18/11/2015 - 23:21:12',
    username: 'ngoc',
    email: 'samakaonashii@gmail.com',
    date_register: '18/11/2015 - 23:21:12',
    status: 1 },
  { _id: '18/11/2015 - 23:21:50',
    username: 'Test',
    email: 'test@gmail.com',
    date_register: '18/11/2015 - 23:21:50',
    status: 1 } ]
insert message success
update user success
User offline
[ { _id: '18/11/2015 - 22:28:18',
    username: 'nguyensonghao',
    email: 'nguyensonghao974@gmail.com',
    date_register: '18/11/2015 - 22:28:18',
    status: 0 },
  { _id: '18/11/2015 - 23:19:20',
    username: 'nguyensonghao',
    email: 'hao@gmail.com',
    date_register: '18/11/2015 - 23:19:20',
    status: 0 },
  { _id: '18/11/2015 - 23:19:21',
    username: 'songnhi',
    email: 'trinhnguyen.se@gmail.com',
    date_register: '18/11/2015 - 23:19:21',
    status: 0 },
  { _id: '18/11/2015 - 23:21:12',
    username: 'ngoc',
    email: 'samakaonashii@gmail.com',
    date_register: '18/11/2015 - 23:21:12',
    status: 1 },
  { _id: '18/11/2015 - 23:21:50',
    username: 'Test',
    email: 'test@gmail.com',
    date_register: '18/11/2015 - 23:21:50',
    status: 1 } ]
update user success
User offline
[ { _id: '18/11/2015 - 22:28:18',
    username: 'nguyensonghao',
    email: 'nguyensonghao974@gmail.com',
    date_register: '18/11/2015 - 22:28:18',
    status: 0 },
  { _id: '18/11/2015 - 23:19:20',
    username: 'nguyensonghao',
    email: 'hao@gmail.com',
    date_register: '18/11/2015 - 23:19:20',
    status: 0 },
  { _id: '18/11/2015 - 23:19:21',
    username: 'songnhi',
    email: 'trinhnguyen.se@gmail.com',
    date_register: '18/11/2015 - 23:19:21',
    status: 0 },
  { _id: '18/11/2015 - 23:21:12',
    username: 'ngoc',
    email: 'samakaonashii@gmail.com',
    date_register: '18/11/2015 - 23:21:12',
    status: 0 },
  { _id: '18/11/2015 - 23:21:50',
    username: 'Test',
    email: 'test@gmail.com',
    date_register: '18/11/2015 - 23:21:50',
    status: 1 } ]
user is updated online
[ { _id: '18/11/2015 - 22:28:18',
    username: 'nguyensonghao',
    email: 'nguyensonghao974@gmail.com',
    date_register: '18/11/2015 - 22:28:18',
    status: 0 },
  { _id: '18/11/2015 - 23:19:20',
    username: 'nguyensonghao',
    email: 'hao@gmail.com',
    date_register: '18/11/2015 - 23:19:20',
    status: 1 },
  { _id: '18/11/2015 - 23:19:21',
    username: 'songnhi',
    email: 'trinhnguyen.se@gmail.com',
    date_register: '18/11/2015 - 23:19:21',
    status: 0 },
  { _id: '18/11/2015 - 23:21:12',
    username: 'ngoc',
    email: 'samakaonashii@gmail.com',
    date_register: '18/11/2015 - 23:21:12',
    status: 0 },
  { _id: '18/11/2015 - 23:21:50',
    username: 'Test',
    email: 'test@gmail.com',
    date_register: '18/11/2015 - 23:21:50',
    status: 1 } ]
user is updated online
[ { _id: '18/11/2015 - 22:28:18',
    username: 'nguyensonghao',
    email: 'nguyensonghao974@gmail.com',
    date_register: '18/11/2015 - 22:28:18',
    status: 0 },
  { _id: '18/11/2015 - 23:19:20',
    username: 'nguyensonghao',
    email: 'hao@gmail.com',
    date_register: '18/11/2015 - 23:19:20',
    status: 1 },
  { _id: '18/11/2015 - 23:19:21',
    username: 'songnhi',
    email: 'trinhnguyen.se@gmail.com',
    date_register: '18/11/2015 - 23:19:21',
    status: 0 },
  { _id: '18/11/2015 - 23:21:12',
    username: 'ngoc',
    email: 'samakaonashii@gmail.com',
    date_register: '18/11/2015 - 23:21:12',
    status: 1 },
  { _id: '18/11/2015 - 23:21:50',
    username: 'Test',
    email: 'test@gmail.com',
    date_register: '18/11/2015 - 23:21:50',
    status: 1 } ]
user is updated online
[ { _id: '18/11/2015 - 22:28:18',
    username: 'nguyensonghao',
    email: 'nguyensonghao974@gmail.com',
    date_register: '18/11/2015 - 22:28:18',
    status: 0 },
  { _id: '18/11/2015 - 23:19:20',
    username: 'nguyensonghao',
    email: 'hao@gmail.com',
    date_register: '18/11/2015 - 23:19:20',
    status: 1 },
  { _id: '18/11/2015 - 23:19:21',
    username: 'songnhi',
    email: 'trinhnguyen.se@gmail.com',
    date_register: '18/11/2015 - 23:19:21',
    status: 1 },
  { _id: '18/11/2015 - 23:21:12',
    username: 'ngoc',
    email: 'samakaonashii@gmail.com',
    date_register: '18/11/2015 - 23:21:12',
    status: 1 },
  { _id: '18/11/2015 - 23:21:50',
    username: 'Test',
    email: 'test@gmail.com',
    date_register: '18/11/2015 - 23:21:50',
    status: 1 } ]
update user success
User offline
[ { _id: '18/11/2015 - 22:28:18',
    username: 'nguyensonghao',
    email: 'nguyensonghao974@gmail.com',
    date_register: '18/11/2015 - 22:28:18',
    status: 0 },
  { _id: '18/11/2015 - 23:19:20',
    username: 'nguyensonghao',
    email: 'hao@gmail.com',
    date_register: '18/11/2015 - 23:19:20',
    status: 1 },
  { _id: '18/11/2015 - 23:19:21',
    username: 'songnhi',
    email: 'trinhnguyen.se@gmail.com',
    date_register: '18/11/2015 - 23:19:21',
    status: 1 },
  { _id: '18/11/2015 - 23:21:12',
    username: 'ngoc',
    email: 'samakaonashii@gmail.com',
    date_register: '18/11/2015 - 23:21:12',
    status: 1 },
  { _id: '18/11/2015 - 23:21:50',
    username: 'Test',
    email: 'test@gmail.com',
    date_register: '18/11/2015 - 23:21:50',
    status: 0 } ]
user is updated online
[ { _id: '18/11/2015 - 22:28:18',
    username: 'nguyensonghao',
    email: 'nguyensonghao974@gmail.com',
    date_register: '18/11/2015 - 22:28:18',
    status: 0 },
  { _id: '18/11/2015 - 23:19:20',
    username: 'nguyensonghao',
    email: 'hao@gmail.com',
    date_register: '18/11/2015 - 23:19:20',
    status: 1 },
  { _id: '18/11/2015 - 23:19:21',
    username: 'songnhi',
    email: 'trinhnguyen.se@gmail.com',
    date_register: '18/11/2015 - 23:19:21',
    status: 1 },
  { _id: '18/11/2015 - 23:21:12',
    username: 'ngoc',
    email: 'samakaonashii@gmail.com',
    date_register: '18/11/2015 - 23:21:12',
    status: 1 },
  { _id: '18/11/2015 - 23:21:50',
    username: 'Test',
    email: 'test@gmail.com',
    date_register: '18/11/2015 - 23:21:50',
    status: 1 } ]
update user success
User offline
[ { _id: '18/11/2015 - 22:28:18',
    username: 'nguyensonghao',
    email: 'nguyensonghao974@gmail.com',
    date_register: '18/11/2015 - 22:28:18',
    status: 0 },
  { _id: '18/11/2015 - 23:19:20',
    username: 'nguyensonghao',
    email: 'hao@gmail.com',
    date_register: '18/11/2015 - 23:19:20',
    status: 0 },
  { _id: '18/11/2015 - 23:19:21',
    username: 'songnhi',
    email: 'trinhnguyen.se@gmail.com',
    date_register: '18/11/2015 - 23:19:21',
    status: 1 },
  { _id: '18/11/2015 - 23:21:12',
    username: 'ngoc',
    email: 'samakaonashii@gmail.com',
    date_register: '18/11/2015 - 23:21:12',
    status: 1 },
  { _id: '18/11/2015 - 23:21:50',
    username: 'Test',
    email: 'test@gmail.com',
    date_register: '18/11/2015 - 23:21:50',
    status: 1 } ]
user is updated online
[ { _id: '18/11/2015 - 22:28:18',
    username: 'nguyensonghao',
    email: 'nguyensonghao974@gmail.com',
    date_register: '18/11/2015 - 22:28:18',
    status: 0 },
  { _id: '18/11/2015 - 23:19:20',
    username: 'nguyensonghao',
    email: 'hao@gmail.com',
    date_register: '18/11/2015 - 23:19:20',
    status: 0 },
  { _id: '18/11/2015 - 23:19:21',
    username: 'songnhi',
    email: 'trinhnguyen.se@gmail.com',
    date_register: '18/11/2015 - 23:19:21',
    status: 1 },
  { _id: '18/11/2015 - 23:21:12',
    username: 'ngoc',
    email: 'samakaonashii@gmail.com',
    date_register: '18/11/2015 - 23:21:12',
    status: 1 },
  { _id: '18/11/2015 - 23:21:50',
    username: 'Test',
    email: 'test@gmail.com',
    date_register: '18/11/2015 - 23:21:50',
    status: 1 } ]
user is updated online
[ { _id: '18/11/2015 - 22:28:18',
    username: 'nguyensonghao',
    email: 'nguyensonghao974@gmail.com',
    date_register: '18/11/2015 - 22:28:18',
    status: 0 },
  { _id: '18/11/2015 - 23:19:20',
    username: 'nguyensonghao',
    email: 'hao@gmail.com',
    date_register: '18/11/2015 - 23:19:20',
    status: 0 },
  { _id: '18/11/2015 - 23:19:21',
    username: 'songnhi',
    email: 'trinhnguyen.se@gmail.com',
    date_register: '18/11/2015 - 23:19:21',
    status: 1 },
  { _id: '18/11/2015 - 23:21:12',
    username: 'ngoc',
    email: 'samakaonashii@gmail.com',
    date_register: '18/11/2015 - 23:21:12',
    status: 1 },
  { _id: '18/11/2015 - 23:21:50',
    username: 'Test',
    email: 'test@gmail.com',
    date_register: '18/11/2015 - 23:21:50',
    status: 1 } ]
user is updated online
[ { _id: '18/11/2015 - 22:28:18',
    username: 'nguyensonghao',
    email: 'nguyensonghao974@gmail.com',
    date_register: '18/11/2015 - 22:28:18',
    status: 0 },
  { _id: '18/11/2015 - 23:19:20',
    username: 'nguyensonghao',
    email: 'hao@gmail.com',
    date_register: '18/11/2015 - 23:19:20',
    status: 0 },
  { _id: '18/11/2015 - 23:19:21',
    username: 'songnhi',
    email: 'trinhnguyen.se@gmail.com',
    date_register: '18/11/2015 - 23:19:21',
    status: 1 },
  { _id: '18/11/2015 - 23:21:12',
    username: 'ngoc',
    email: 'samakaonashii@gmail.com',
    date_register: '18/11/2015 - 23:21:12',
    status: 1 },
  { _id: '18/11/2015 - 23:21:50',
    username: 'Test',
    email: 'test@gmail.com',
    date_register: '18/11/2015 - 23:21:50',
    status: 1 } ]
update user success
User offline
[ { _id: '18/11/2015 - 22:28:18',
    username: 'nguyensonghao',
    email: 'nguyensonghao974@gmail.com',
    date_register: '18/11/2015 - 22:28:18',
    status: 0 },
  { _id: '18/11/2015 - 23:19:20',
    username: 'nguyensonghao',
    email: 'hao@gmail.com',
    date_register: '18/11/2015 - 23:19:20',
    status: 0 },
  { _id: '18/11/2015 - 23:19:21',
    username: 'songnhi',
    email: 'trinhnguyen.se@gmail.com',
    date_register: '18/11/2015 - 23:19:21',
    status: 1 },
  { _id: '18/11/2015 - 23:21:12',
    username: 'ngoc',
    email: 'samakaonashii@gmail.com',
    date_register: '18/11/2015 - 23:21:12',
    status: 0 },
  { _id: '18/11/2015 - 23:21:50',
    username: 'Test',
    email: 'test@gmail.com',
    date_register: '18/11/2015 - 23:21:50',
    status: 1 } ]
update user success
User offline
[ { _id: '18/11/2015 - 22:28:18',
    username: 'nguyensonghao',
    email: 'nguyensonghao974@gmail.com',
    date_register: '18/11/2015 - 22:28:18',
    status: 0 },
  { _id: '18/11/2015 - 23:19:20',
    username: 'nguyensonghao',
    email: 'hao@gmail.com',
    date_register: '18/11/2015 - 23:19:20',
    status: 0 },
  { _id: '18/11/2015 - 23:19:21',
    username: 'songnhi',
    email: 'trinhnguyen.se@gmail.com',
    date_register: '18/11/2015 - 23:19:21',
    status: 1 },
  { _id: '18/11/2015 - 23:21:12',
    username: 'ngoc',
    email: 'samakaonashii@gmail.com',
    date_register: '18/11/2015 - 23:21:12',
    status: 0 },
  { _id: '18/11/2015 - 23:21:50',
    username: 'Test',
    email: 'test@gmail.com',
    date_register: '18/11/2015 - 23:21:50',
    status: 0 } ]
update user success
User offline
[ { _id: '18/11/2015 - 22:28:18',
    username: 'nguyensonghao',
    email: 'nguyensonghao974@gmail.com',
    date_register: '18/11/2015 - 22:28:18',
    status: 0 },
  { _id: '18/11/2015 - 23:19:20',
    username: 'nguyensonghao',
    email: 'hao@gmail.com',
    date_register: '18/11/2015 - 23:19:20',
    status: 0 },
  { _id: '18/11/2015 - 23:19:21',
    username: 'songnhi',
    email: 'trinhnguyen.se@gmail.com',
    date_register: '18/11/2015 - 23:19:21',
    status: 0 },
  { _id: '18/11/2015 - 23:21:12',
    username: 'ngoc',
    email: 'samakaonashii@gmail.com',
    date_register: '18/11/2015 - 23:21:12',
    status: 0 },
  { _id: '18/11/2015 - 23:21:50',
    username: 'Test',
    email: 'test@gmail.com',
    date_register: '18/11/2015 - 23:21:50',
    status: 0 } ]
user is updated online
[ { _id: '18/11/2015 - 22:28:18',
    username: 'nguyensonghao',
    email: 'nguyensonghao974@gmail.com',
    date_register: '18/11/2015 - 22:28:18',
    status: 0 },
  { _id: '18/11/2015 - 23:19:20',
    username: 'nguyensonghao',
    email: 'hao@gmail.com',
    date_register: '18/11/2015 - 23:19:20',
    status: 0 },
  { _id: '18/11/2015 - 23:19:21',
    username: 'songnhi',
    email: 'trinhnguyen.se@gmail.com',
    date_register: '18/11/2015 - 23:19:21',
    status: 0 },
  { _id: '18/11/2015 - 23:21:12',
    username: 'ngoc',
    email: 'samakaonashii@gmail.com',
    date_register: '18/11/2015 - 23:21:12',
    status: 0 },
  { _id: '18/11/2015 - 23:21:50',
    username: 'Test',
    email: 'test@gmail.com',
    date_register: '18/11/2015 - 23:21:50',
    status: 1 } ]
user is updated online
[ { _id: '18/11/2015 - 22:28:18',
    username: 'nguyensonghao',
    email: 'nguyensonghao974@gmail.com',
    date_register: '18/11/2015 - 22:28:18',
    status: 0 },
  { _id: '18/11/2015 - 23:19:20',
    username: 'nguyensonghao',
    email: 'hao@gmail.com',
    date_register: '18/11/2015 - 23:19:20',
    status: 0 },
  { _id: '18/11/2015 - 23:19:21',
    username: 'songnhi',
    email: 'trinhnguyen.se@gmail.com',
    date_register: '18/11/2015 - 23:19:21',
    status: 0 },
  { _id: '18/11/2015 - 23:21:12',
    username: 'ngoc',
    email: 'samakaonashii@gmail.com',
    date_register: '18/11/2015 - 23:21:12',
    status: 0 },
  { _id: '18/11/2015 - 23:21:50',
    username: 'Test',
    email: 'test@gmail.com',
    date_register: '18/11/2015 - 23:21:50',
    status: 1 } ]
update user success
User offline
[ { _id: '18/11/2015 - 22:28:18',
    username: 'nguyensonghao',
    email: 'nguyensonghao974@gmail.com',
    date_register: '18/11/2015 - 22:28:18',
    status: 0 },
  { _id: '18/11/2015 - 23:19:20',
    username: 'nguyensonghao',
    email: 'hao@gmail.com',
    date_register: '18/11/2015 - 23:19:20',
    status: 0 },
  { _id: '18/11/2015 - 23:19:21',
    username: 'songnhi',
    email: 'trinhnguyen.se@gmail.com',
    date_register: '18/11/2015 - 23:19:21',
    status: 0 },
  { _id: '18/11/2015 - 23:21:12',
    username: 'ngoc',
    email: 'samakaonashii@gmail.com',
    date_register: '18/11/2015 - 23:21:12',
    status: 0 },
  { _id: '18/11/2015 - 23:21:50',
    username: 'Test',
    email: 'test@gmail.com',
    date_register: '18/11/2015 - 23:21:50',
    status: 0 } ]
user is updated online
[ { _id: '18/11/2015 - 22:28:18',
    username: 'nguyensonghao',
    email: 'nguyensonghao974@gmail.com',
    date_register: '18/11/2015 - 22:28:18',
    status: 0 },
  { _id: '18/11/2015 - 23:19:20',
    username: 'nguyensonghao',
    email: 'hao@gmail.com',
    date_register: '18/11/2015 - 23:19:20',
    status: 0 },
  { _id: '18/11/2015 - 23:19:21',
    username: 'songnhi',
    email: 'trinhnguyen.se@gmail.com',
    date_register: '18/11/2015 - 23:19:21',
    status: 0 },
  { _id: '18/11/2015 - 23:21:12',
    username: 'ngoc',
    email: 'samakaonashii@gmail.com',
    date_register: '18/11/2015 - 23:21:12',
    status: 0 },
  { _id: '18/11/2015 - 23:21:50',
    username: 'Test',
    email: 'test@gmail.com',
    date_register: '18/11/2015 - 23:21:50',
    status: 1 } ]
update user success
User offline
[ { _id: '18/11/2015 - 22:28:18',
    username: 'nguyensonghao',
    email: 'nguyensonghao974@gmail.com',
    date_register: '18/11/2015 - 22:28:18',
    status: 0 },
  { _id: '18/11/2015 - 23:19:20',
    username: 'nguyensonghao',
    email: 'hao@gmail.com',
    date_register: '18/11/2015 - 23:19:20',
    status: 0 },
  { _id: '18/11/2015 - 23:19:21',
    username: 'songnhi',
    email: 'trinhnguyen.se@gmail.com',
    date_register: '18/11/2015 - 23:19:21',
    status: 0 },
  { _id: '18/11/2015 - 23:21:12',
    username: 'ngoc',
    email: 'samakaonashii@gmail.com',
    date_register: '18/11/2015 - 23:21:12',
    status: 0 },
  { _id: '18/11/2015 - 23:21:50',
    username: 'Test',
    email: 'test@gmail.com',
    date_register: '18/11/2015 - 23:21:50',
    status: 0 } ]
insert user success
insert message success
erorr connect server mognodb
start server: 127.0.0.1:9500
insert user success
insert message success
insert message success
insert user success
insert message success
update user success
User offline
[ { _id: '18/11/2015 - 22:28:18',
    username: 'nguyensonghao',
    email: 'nguyensonghao974@gmail.com',
    date_register: '18/11/2015 - 22:28:18',
    status: 0 },
  { _id: '18/11/2015 - 23:19:20',
    username: 'nguyensonghao',
    email: 'hao@gmail.com',
    date_register: '18/11/2015 - 23:19:20',
    status: 0 },
  { _id: '18/11/2015 - 23:19:21',
    username: 'songnhi',
    email: 'trinhnguyen.se@gmail.com',
    date_register: '18/11/2015 - 23:19:21',
    status: 0 },
  { _id: '18/11/2015 - 23:21:12',
    username: 'ngoc',
    email: 'samakaonashii@gmail.com',
    date_register: '18/11/2015 - 23:21:12',
    status: 0 },
  { _id: '18/11/2015 - 23:21:50',
    username: 'Test',
    email: 'test@gmail.com',
    date_register: '18/11/2015 - 23:21:50',
    status: 0 },
  { _id: '19/11/2015 - 2:5:25',
    username: 'trinhnguyen',
    email: 'trinhcnttk52@gmail.com',
    date_register: '19/11/2015 - 2:5:25',
    status: 1 },
  { _id: '11/19/2015 2:7:8',
    username: 'Guest',
    email: 'guest@guest.com',
    date_register: '11/19/2015 2:7:8',
    status: 0 },
  { _id: '11/19/2015 2:7:38',
    username: 'thanh',
    email: 'nguyenvanthanh2912@gmail.com',
    date_register: '11/19/2015 2:7:38',
    status: 1 } ]
update user success
User offline
[ { _id: '18/11/2015 - 22:28:18',
    username: 'nguyensonghao',
    email: 'nguyensonghao974@gmail.com',
    date_register: '18/11/2015 - 22:28:18',
    status: 0 },
  { _id: '18/11/2015 - 23:19:20',
    username: 'nguyensonghao',
    email: 'hao@gmail.com',
    date_register: '18/11/2015 - 23:19:20',
    status: 0 },
  { _id: '18/11/2015 - 23:19:21',
    username: 'songnhi',
    email: 'trinhnguyen.se@gmail.com',
    date_register: '18/11/2015 - 23:19:21',
    status: 0 },
  { _id: '18/11/2015 - 23:21:12',
    username: 'ngoc',
    email: 'samakaonashii@gmail.com',
    date_register: '18/11/2015 - 23:21:12',
    status: 0 },
  { _id: '18/11/2015 - 23:21:50',
    username: 'Test',
    email: 'test@gmail.com',
    date_register: '18/11/2015 - 23:21:50',
    status: 0 },
  { _id: '19/11/2015 - 2:5:25',
    username: 'trinhnguyen',
    email: 'trinhcnttk52@gmail.com',
    date_register: '19/11/2015 - 2:5:25',
    status: 1 },
  { _id: '11/19/2015 2:7:8',
    username: 'Guest',
    email: 'guest@guest.com',
    date_register: '11/19/2015 2:7:8',
    status: 0 },
  { _id: '11/19/2015 2:7:38',
    username: 'thanh',
    email: 'nguyenvanthanh2912@gmail.com',
    date_register: '11/19/2015 2:7:38',
    status: 0 } ]
insert user success
insert message success
insert message success
update user success
User offline
[ { _id: '18/11/2015 - 22:28:18',
    username: 'nguyensonghao',
    email: 'nguyensonghao974@gmail.com',
    date_register: '18/11/2015 - 22:28:18',
    status: 0 },
  { _id: '18/11/2015 - 23:19:20',
    username: 'nguyensonghao',
    email: 'hao@gmail.com',
    date_register: '18/11/2015 - 23:19:20',
    status: 0 },
  { _id: '18/11/2015 - 23:19:21',
    username: 'songnhi',
    email: 'trinhnguyen.se@gmail.com',
    date_register: '18/11/2015 - 23:19:21',
    status: 0 },
  { _id: '18/11/2015 - 23:21:12',
    username: 'ngoc',
    email: 'samakaonashii@gmail.com',
    date_register: '18/11/2015 - 23:21:12',
    status: 0 },
  { _id: '18/11/2015 - 23:21:50',
    username: 'Test',
    email: 'test@gmail.com',
    date_register: '18/11/2015 - 23:21:50',
    status: 0 },
  { _id: '19/11/2015 - 2:5:25',
    username: 'trinhnguyen',
    email: 'trinhcnttk52@gmail.com',
    date_register: '19/11/2015 - 2:5:25',
    status: 1 },
  { _id: '11/19/2015 2:7:8',
    username: 'Guest',
    email: 'guest@guest.com',
    date_register: '11/19/2015 2:7:8',
    status: 0 },
  { _id: '11/19/2015 2:7:38',
    username: 'thanh',
    email: 'nguyenvanthanh2912@gmail.com',
    date_register: '11/19/2015 2:7:38',
    status: 0 },
  { _id: '11/19/2015 2:21:29',
    username: 'kid',
    email: 'dafasdfd@dfadsf.com',
    date_register: '11/19/2015 2:21:29',
    status: 0 } ]
insert message private success
insert message private success
user is updated online
[ { _id: '18/11/2015 - 22:28:18',
    username: 'nguyensonghao',
    email: 'nguyensonghao974@gmail.com',
    date_register: '18/11/2015 - 22:28:18',
    status: 0 },
  { _id: '18/11/2015 - 23:19:20',
    username: 'nguyensonghao',
    email: 'hao@gmail.com',
    date_register: '18/11/2015 - 23:19:20',
    status: 0 },
  { _id: '18/11/2015 - 23:19:21',
    username: 'songnhi',
    email: 'trinhnguyen.se@gmail.com',
    date_register: '18/11/2015 - 23:19:21',
    status: 0 },
  { _id: '18/11/2015 - 23:21:12',
    username: 'ngoc',
    email: 'samakaonashii@gmail.com',
    date_register: '18/11/2015 - 23:21:12',
    status: 0 },
  { _id: '18/11/2015 - 23:21:50',
    username: 'Test',
    email: 'test@gmail.com',
    date_register: '18/11/2015 - 23:21:50',
    status: 0 },
  { _id: '19/11/2015 - 2:5:25',
    username: 'trinhnguyen',
    email: 'trinhcnttk52@gmail.com',
    date_register: '19/11/2015 - 2:5:25',
    status: 1 },
  { _id: '11/19/2015 2:7:8',
    username: 'Guest',
    email: 'guest@guest.com',
    date_register: '11/19/2015 2:7:8',
    status: 0 },
  { _id: '11/19/2015 2:7:38',
    username: 'thanh',
    email: 'nguyenvanthanh2912@gmail.com',
    date_register: '11/19/2015 2:7:38',
    status: 0 },
  { _id: '11/19/2015 2:21:29',
    username: 'kid',
    email: 'dafasdfd@dfadsf.com',
    date_register: '11/19/2015 2:21:29',
    status: 0 } ]
update user success
User offline
[ { _id: '18/11/2015 - 22:28:18',
    username: 'nguyensonghao',
    email: 'nguyensonghao974@gmail.com',
    date_register: '18/11/2015 - 22:28:18',
    status: 0 },
  { _id: '18/11/2015 - 23:19:20',
    username: 'nguyensonghao',
    email: 'hao@gmail.com',
    date_register: '18/11/2015 - 23:19:20',
    status: 0 },
  { _id: '18/11/2015 - 23:19:21',
    username: 'songnhi',
    email: 'trinhnguyen.se@gmail.com',
    date_register: '18/11/2015 - 23:19:21',
    status: 0 },
  { _id: '18/11/2015 - 23:21:12',
    username: 'ngoc',
    email: 'samakaonashii@gmail.com',
    date_register: '18/11/2015 - 23:21:12',
    status: 0 },
  { _id: '18/11/2015 - 23:21:50',
    username: 'Test',
    email: 'test@gmail.com',
    date_register: '18/11/2015 - 23:21:50',
    status: 0 },
  { _id: '19/11/2015 - 2:5:25',
    username: 'trinhnguyen',
    email: 'trinhcnttk52@gmail.com',
    date_register: '19/11/2015 - 2:5:25',
    status: 0 },
  { _id: '11/19/2015 2:7:8',
    username: 'Guest',
    email: 'guest@guest.com',
    date_register: '11/19/2015 2:7:8',
    status: 0 },
  { _id: '11/19/2015 2:7:38',
    username: 'thanh',
    email: 'nguyenvanthanh2912@gmail.com',
    date_register: '11/19/2015 2:7:38',
    status: 0 },
  { _id: '11/19/2015 2:21:29',
    username: 'kid',
    email: 'dafasdfd@dfadsf.com',
    date_register: '11/19/2015 2:21:29',
    status: 0 } ]
user is updated online
[ { _id: '18/11/2015 - 22:28:18',
    username: 'nguyensonghao',
    email: 'nguyensonghao974@gmail.com',
    date_register: '18/11/2015 - 22:28:18',
    status: 0 },
  { _id: '18/11/2015 - 23:19:20',
    username: 'nguyensonghao',
    email: 'hao@gmail.com',
    date_register: '18/11/2015 - 23:19:20',
    status: 0 },
  { _id: '18/11/2015 - 23:19:21',
    username: 'songnhi',
    email: 'trinhnguyen.se@gmail.com',
    date_register: '18/11/2015 - 23:19:21',
    status: 0 },
  { _id: '18/11/2015 - 23:21:12',
    username: 'ngoc',
    email: 'samakaonashii@gmail.com',
    date_register: '18/11/2015 - 23:21:12',
    status: 0 },
  { _id: '18/11/2015 - 23:21:50',
    username: 'Test',
    email: 'test@gmail.com',
    date_register: '18/11/2015 - 23:21:50',
    status: 0 },
  { _id: '19/11/2015 - 2:5:25',
    username: 'trinhnguyen',
    email: 'trinhcnttk52@gmail.com',
    date_register: '19/11/2015 - 2:5:25',
    status: 1 },
  { _id: '11/19/2015 2:7:8',
    username: 'Guest',
    email: 'guest@guest.com',
    date_register: '11/19/2015 2:7:8',
    status: 0 },
  { _id: '11/19/2015 2:7:38',
    username: 'thanh',
    email: 'nguyenvanthanh2912@gmail.com',
    date_register: '11/19/2015 2:7:38',
    status: 0 },
  { _id: '11/19/2015 2:21:29',
    username: 'kid',
    email: 'dafasdfd@dfadsf.com',
    date_register: '11/19/2015 2:21:29',
    status: 0 } ]
insert user success
insert message success
insert message private success
insert message private success
user is updated online
[ { _id: '18/11/2015 - 22:28:18',
    username: 'nguyensonghao',
    email: 'nguyensonghao974@gmail.com',
    date_register: '18/11/2015 - 22:28:18',
    status: 0 },
  { _id: '18/11/2015 - 23:19:20',
    username: 'nguyensonghao',
    email: 'hao@gmail.com',
    date_register: '18/11/2015 - 23:19:20',
    status: 0 },
  { _id: '18/11/2015 - 23:19:21',
    username: 'songnhi',
    email: 'trinhnguyen.se@gmail.com',
    date_register: '18/11/2015 - 23:19:21',
    status: 0 },
  { _id: '18/11/2015 - 23:21:12',
    username: 'ngoc',
    email: 'samakaonashii@gmail.com',
    date_register: '18/11/2015 - 23:21:12',
    status: 0 },
  { _id: '18/11/2015 - 23:21:50',
    username: 'Test',
    email: 'test@gmail.com',
    date_register: '18/11/2015 - 23:21:50',
    status: 0 },
  { _id: '19/11/2015 - 2:5:25',
    username: 'trinhnguyen',
    email: 'trinhcnttk52@gmail.com',
    date_register: '19/11/2015 - 2:5:25',
    status: 1 },
  { _id: '11/19/2015 2:7:8',
    username: 'Guest',
    email: 'guest@guest.com',
    date_register: '11/19/2015 2:7:8',
    status: 0 },
  { _id: '11/19/2015 2:7:38',
    username: 'thanh',
    email: 'nguyenvanthanh2912@gmail.com',
    date_register: '11/19/2015 2:7:38',
    status: 0 },
  { _id: '11/19/2015 2:21:29',
    username: 'kid',
    email: 'dafasdfd@dfadsf.com',
    date_register: '11/19/2015 2:21:29',
    status: 0 },
  { _id: '11/19/2015 2:36:45',
    username: 'aa',
    email: 'aaa@gmail.com',
    date_register: '11/19/2015 2:36:45',
    status: 1 } ]
update user success
User offline
[ { _id: '18/11/2015 - 22:28:18',
    username: 'nguyensonghao',
    email: 'nguyensonghao974@gmail.com',
    date_register: '18/11/2015 - 22:28:18',
    status: 0 },
  { _id: '18/11/2015 - 23:19:20',
    username: 'nguyensonghao',
    email: 'hao@gmail.com',
    date_register: '18/11/2015 - 23:19:20',
    status: 0 },
  { _id: '18/11/2015 - 23:19:21',
    username: 'songnhi',
    email: 'trinhnguyen.se@gmail.com',
    date_register: '18/11/2015 - 23:19:21',
    status: 0 },
  { _id: '18/11/2015 - 23:21:12',
    username: 'ngoc',
    email: 'samakaonashii@gmail.com',
    date_register: '18/11/2015 - 23:21:12',
    status: 0 },
  { _id: '18/11/2015 - 23:21:50',
    username: 'Test',
    email: 'test@gmail.com',
    date_register: '18/11/2015 - 23:21:50',
    status: 0 },
  { _id: '19/11/2015 - 2:5:25',
    username: 'trinhnguyen',
    email: 'trinhcnttk52@gmail.com',
    date_register: '19/11/2015 - 2:5:25',
    status: 1 },
  { _id: '11/19/2015 2:7:8',
    username: 'Guest',
    email: 'guest@guest.com',
    date_register: '11/19/2015 2:7:8',
    status: 0 },
  { _id: '11/19/2015 2:7:38',
    username: 'thanh',
    email: 'nguyenvanthanh2912@gmail.com',
    date_register: '11/19/2015 2:7:38',
    status: 0 },
  { _id: '11/19/2015 2:21:29',
    username: 'kid',
    email: 'dafasdfd@dfadsf.com',
    date_register: '11/19/2015 2:21:29',
    status: 0 },
  { _id: '11/19/2015 2:36:45',
    username: 'aa',
    email: 'aaa@gmail.com',
    date_register: '11/19/2015 2:36:45',
    status: 0 } ]
update message success
insert message private success
insert message private success
insert message private success
insert message private success
user is updated online
[ { _id: '18/11/2015 - 22:28:18',
    username: 'nguyensonghao',
    email: 'nguyensonghao974@gmail.com',
    date_register: '18/11/2015 - 22:28:18',
    status: 0 },
  { _id: '18/11/2015 - 23:19:20',
    username: 'nguyensonghao',
    email: 'hao@gmail.com',
    date_register: '18/11/2015 - 23:19:20',
    status: 0 },
  { _id: '18/11/2015 - 23:19:21',
    username: 'songnhi',
    email: 'trinhnguyen.se@gmail.com',
    date_register: '18/11/2015 - 23:19:21',
    status: 0 },
  { _id: '18/11/2015 - 23:21:12',
    username: 'ngoc',
    email: 'samakaonashii@gmail.com',
    date_register: '18/11/2015 - 23:21:12',
    status: 0 },
  { _id: '18/11/2015 - 23:21:50',
    username: 'Test',
    email: 'test@gmail.com',
    date_register: '18/11/2015 - 23:21:50',
    status: 0 },
  { _id: '19/11/2015 - 2:5:25',
    username: 'trinhnguyen',
    email: 'trinhcnttk52@gmail.com',
    date_register: '19/11/2015 - 2:5:25',
    status: 1 },
  { _id: '11/19/2015 2:7:8',
    username: 'Guest',
    email: 'guest@guest.com',
    date_register: '11/19/2015 2:7:8',
    status: 0 },
  { _id: '11/19/2015 2:7:38',
    username: 'thanh',
    email: 'nguyenvanthanh2912@gmail.com',
    date_register: '11/19/2015 2:7:38',
    status: 0 },
  { _id: '11/19/2015 2:21:29',
    username: 'kid',
    email: 'dafasdfd@dfadsf.com',
    date_register: '11/19/2015 2:21:29',
    status: 0 },
  { _id: '11/19/2015 2:36:45',
    username: 'aa',
    email: 'aaa@gmail.com',
    date_register: '11/19/2015 2:36:45',
    status: 0 } ]
user is updated online
[ { _id: '18/11/2015 - 22:28:18',
    username: 'nguyensonghao',
    email: 'nguyensonghao974@gmail.com',
    date_register: '18/11/2015 - 22:28:18',
    status: 0 },
  { _id: '18/11/2015 - 23:19:20',
    username: 'nguyensonghao',
    email: 'hao@gmail.com',
    date_register: '18/11/2015 - 23:19:20',
    status: 0 },
  { _id: '18/11/2015 - 23:19:21',
    username: 'songnhi',
    email: 'trinhnguyen.se@gmail.com',
    date_register: '18/11/2015 - 23:19:21',
    status: 0 },
  { _id: '18/11/2015 - 23:21:12',
    username: 'ngoc',
    email: 'samakaonashii@gmail.com',
    date_register: '18/11/2015 - 23:21:12',
    status: 0 },
  { _id: '18/11/2015 - 23:21:50',
    username: 'Test',
    email: 'test@gmail.com',
    date_register: '18/11/2015 - 23:21:50',
    status: 0 },
  { _id: '19/11/2015 - 2:5:25',
    username: 'trinhnguyen',
    email: 'trinhcnttk52@gmail.com',
    date_register: '19/11/2015 - 2:5:25',
    status: 1 },
  { _id: '11/19/2015 2:7:8',
    username: 'Guest',
    email: 'guest@guest.com',
    date_register: '11/19/2015 2:7:8',
    status: 0 },
  { _id: '11/19/2015 2:7:38',
    username: 'thanh',
    email: 'nguyenvanthanh2912@gmail.com',
    date_register: '11/19/2015 2:7:38',
    status: 0 },
  { _id: '11/19/2015 2:21:29',
    username: 'kid',
    email: 'dafasdfd@dfadsf.com',
    date_register: '11/19/2015 2:21:29',
    status: 0 },
  { _id: '11/19/2015 2:36:45',
    username: 'aa',
    email: 'aaa@gmail.com',
    date_register: '11/19/2015 2:36:45',
    status: 0 } ]
update user success
User offline
[ { _id: '18/11/2015 - 22:28:18',
    username: 'nguyensonghao',
    email: 'nguyensonghao974@gmail.com',
    date_register: '18/11/2015 - 22:28:18',
    status: 0 },
  { _id: '18/11/2015 - 23:19:20',
    username: 'nguyensonghao',
    email: 'hao@gmail.com',
    date_register: '18/11/2015 - 23:19:20',
    status: 0 },
  { _id: '18/11/2015 - 23:19:21',
    username: 'songnhi',
    email: 'trinhnguyen.se@gmail.com',
    date_register: '18/11/2015 - 23:19:21',
    status: 0 },
  { _id: '18/11/2015 - 23:21:12',
    username: 'ngoc',
    email: 'samakaonashii@gmail.com',
    date_register: '18/11/2015 - 23:21:12',
    status: 0 },
  { _id: '18/11/2015 - 23:21:50',
    username: 'Test',
    email: 'test@gmail.com',
    date_register: '18/11/2015 - 23:21:50',
    status: 0 },
  { _id: '19/11/2015 - 2:5:25',
    username: 'trinhnguyen',
    email: 'trinhcnttk52@gmail.com',
    date_register: '19/11/2015 - 2:5:25',
    status: 0 },
  { _id: '11/19/2015 2:7:8',
    username: 'Guest',
    email: 'guest@guest.com',
    date_register: '11/19/2015 2:7:8',
    status: 0 },
  { _id: '11/19/2015 2:7:38',
    username: 'thanh',
    email: 'nguyenvanthanh2912@gmail.com',
    date_register: '11/19/2015 2:7:38',
    status: 0 },
  { _id: '11/19/2015 2:21:29',
    username: 'kid',
    email: 'dafasdfd@dfadsf.com',
    date_register: '11/19/2015 2:21:29',
    status: 0 },
  { _id: '11/19/2015 2:36:45',
    username: 'aa',
    email: 'aaa@gmail.com',
    date_register: '11/19/2015 2:36:45',
    status: 0 } ]
user is updated online
[ { _id: '18/11/2015 - 22:28:18',
    username: 'nguyensonghao',
    email: 'nguyensonghao974@gmail.com',
    date_register: '18/11/2015 - 22:28:18',
    status: 0 },
  { _id: '18/11/2015 - 23:19:20',
    username: 'nguyensonghao',
    email: 'hao@gmail.com',
    date_register: '18/11/2015 - 23:19:20',
    status: 0 },
  { _id: '18/11/2015 - 23:19:21',
    username: 'songnhi',
    email: 'trinhnguyen.se@gmail.com',
    date_register: '18/11/2015 - 23:19:21',
    status: 0 },
  { _id: '18/11/2015 - 23:21:12',
    username: 'ngoc',
    email: 'samakaonashii@gmail.com',
    date_register: '18/11/2015 - 23:21:12',
    status: 0 },
  { _id: '18/11/2015 - 23:21:50',
    username: 'Test',
    email: 'test@gmail.com',
    date_register: '18/11/2015 - 23:21:50',
    status: 0 },
  { _id: '19/11/2015 - 2:5:25',
    username: 'trinhnguyen',
    email: 'trinhcnttk52@gmail.com',
    date_register: '19/11/2015 - 2:5:25',
    status: 1 },
  { _id: '11/19/2015 2:7:8',
    username: 'Guest',
    email: 'guest@guest.com',
    date_register: '11/19/2015 2:7:8',
    status: 0 },
  { _id: '11/19/2015 2:7:38',
    username: 'thanh',
    email: 'nguyenvanthanh2912@gmail.com',
    date_register: '11/19/2015 2:7:38',
    status: 0 },
  { _id: '11/19/2015 2:21:29',
    username: 'kid',
    email: 'dafasdfd@dfadsf.com',
    date_register: '11/19/2015 2:21:29',
    status: 0 },
  { _id: '11/19/2015 2:36:45',
    username: 'aa',
    email: 'aaa@gmail.com',
    date_register: '11/19/2015 2:36:45',
    status: 0 } ]
user is updated online
[ { _id: '18/11/2015 - 22:28:18',
    username: 'nguyensonghao',
    email: 'nguyensonghao974@gmail.com',
    date_register: '18/11/2015 - 22:28:18',
    status: 0 },
  { _id: '18/11/2015 - 23:19:20',
    username: 'nguyensonghao',
    email: 'hao@gmail.com',
    date_register: '18/11/2015 - 23:19:20',
    status: 0 },
  { _id: '18/11/2015 - 23:19:21',
    username: 'songnhi',
    email: 'trinhnguyen.se@gmail.com',
    date_register: '18/11/2015 - 23:19:21',
    status: 0 },
  { _id: '18/11/2015 - 23:21:12',
    username: 'ngoc',
    email: 'samakaonashii@gmail.com',
    date_register: '18/11/2015 - 23:21:12',
    status: 0 },
  { _id: '18/11/2015 - 23:21:50',
    username: 'Test',
    email: 'test@gmail.com',
    date_register: '18/11/2015 - 23:21:50',
    status: 0 },
  { _id: '19/11/2015 - 2:5:25',
    username: 'trinhnguyen',
    email: 'trinhcnttk52@gmail.com',
    date_register: '19/11/2015 - 2:5:25',
    status: 1 },
  { _id: '11/19/2015 2:7:8',
    username: 'Guest',
    email: 'guest@guest.com',
    date_register: '11/19/2015 2:7:8',
    status: 0 },
  { _id: '11/19/2015 2:7:38',
    username: 'thanh',
    email: 'nguyenvanthanh2912@gmail.com',
    date_register: '11/19/2015 2:7:38',
    status: 0 },
  { _id: '11/19/2015 2:21:29',
    username: 'kid',
    email: 'dafasdfd@dfadsf.com',
    date_register: '11/19/2015 2:21:29',
    status: 0 },
  { _id: '11/19/2015 2:36:45',
    username: 'aa',
    email: 'aaa@gmail.com',
    date_register: '11/19/2015 2:36:45',
    status: 0 } ]
user is updated online
[ { _id: '18/11/2015 - 22:28:18',
    username: 'nguyensonghao',
    email: 'nguyensonghao974@gmail.com',
    date_register: '18/11/2015 - 22:28:18',
    status: 0 },
  { _id: '18/11/2015 - 23:19:20',
    username: 'nguyensonghao',
    email: 'hao@gmail.com',
    date_register: '18/11/2015 - 23:19:20',
    status: 0 },
  { _id: '18/11/2015 - 23:19:21',
    username: 'songnhi',
    email: 'trinhnguyen.se@gmail.com',
    date_register: '18/11/2015 - 23:19:21',
    status: 0 },
  { _id: '18/11/2015 - 23:21:12',
    username: 'ngoc',
    email: 'samakaonashii@gmail.com',
    date_register: '18/11/2015 - 23:21:12',
    status: 0 },
  { _id: '18/11/2015 - 23:21:50',
    username: 'Test',
    email: 'test@gmail.com',
    date_register: '18/11/2015 - 23:21:50',
    status: 0 },
  { _id: '19/11/2015 - 2:5:25',
    username: 'trinhnguyen',
    email: 'trinhcnttk52@gmail.com',
    date_register: '19/11/2015 - 2:5:25',
    status: 1 },
  { _id: '11/19/2015 2:7:8',
    username: 'Guest',
    email: 'guest@guest.com',
    date_register: '11/19/2015 2:7:8',
    status: 0 },
  { _id: '11/19/2015 2:7:38',
    username: 'thanh',
    email: 'nguyenvanthanh2912@gmail.com',
    date_register: '11/19/2015 2:7:38',
    status: 0 },
  { _id: '11/19/2015 2:21:29',
    username: 'kid',
    email: 'dafasdfd@dfadsf.com',
    date_register: '11/19/2015 2:21:29',
    status: 0 },
  { _id: '11/19/2015 2:36:45',
    username: 'aa',
    email: 'aaa@gmail.com',
    date_register: '11/19/2015 2:36:45',
    status: 0 } ]
update user success
User offline
[ { _id: '18/11/2015 - 22:28:18',
    username: 'nguyensonghao',
    email: 'nguyensonghao974@gmail.com',
    date_register: '18/11/2015 - 22:28:18',
    status: 0 },
  { _id: '18/11/2015 - 23:19:20',
    username: 'nguyensonghao',
    email: 'hao@gmail.com',
    date_register: '18/11/2015 - 23:19:20',
    status: 0 },
  { _id: '18/11/2015 - 23:19:21',
    username: 'songnhi',
    email: 'trinhnguyen.se@gmail.com',
    date_register: '18/11/2015 - 23:19:21',
    status: 0 },
  { _id: '18/11/2015 - 23:21:12',
    username: 'ngoc',
    email: 'samakaonashii@gmail.com',
    date_register: '18/11/2015 - 23:21:12',
    status: 0 },
  { _id: '18/11/2015 - 23:21:50',
    username: 'Test',
    email: 'test@gmail.com',
    date_register: '18/11/2015 - 23:21:50',
    status: 0 },
  { _id: '19/11/2015 - 2:5:25',
    username: 'trinhnguyen',
    email: 'trinhcnttk52@gmail.com',
    date_register: '19/11/2015 - 2:5:25',
    status: 0 },
  { _id: '11/19/2015 2:7:8',
    username: 'Guest',
    email: 'guest@guest.com',
    date_register: '11/19/2015 2:7:8',
    status: 0 },
  { _id: '11/19/2015 2:7:38',
    username: 'thanh',
    email: 'nguyenvanthanh2912@gmail.com',
    date_register: '11/19/2015 2:7:38',
    status: 0 },
  { _id: '11/19/2015 2:21:29',
    username: 'kid',
    email: 'dafasdfd@dfadsf.com',
    date_register: '11/19/2015 2:21:29',
    status: 0 },
  { _id: '11/19/2015 2:36:45',
    username: 'aa',
    email: 'aaa@gmail.com',
    date_register: '11/19/2015 2:36:45',
    status: 0 } ]
update user success
User offline
[ { _id: '18/11/2015 - 22:28:18',
    username: 'nguyensonghao',
    email: 'nguyensonghao974@gmail.com',
    date_register: '18/11/2015 - 22:28:18',
    status: 0 },
  { _id: '18/11/2015 - 23:19:20',
    username: 'nguyensonghao',
    email: 'hao@gmail.com',
    date_register: '18/11/2015 - 23:19:20',
    status: 0 },
  { _id: '18/11/2015 - 23:19:21',
    username: 'songnhi',
    email: 'trinhnguyen.se@gmail.com',
    date_register: '18/11/2015 - 23:19:21',
    status: 0 },
  { _id: '18/11/2015 - 23:21:12',
    username: 'ngoc',
    email: 'samakaonashii@gmail.com',
    date_register: '18/11/2015 - 23:21:12',
    status: 0 },
  { _id: '18/11/2015 - 23:21:50',
    username: 'Test',
    email: 'test@gmail.com',
    date_register: '18/11/2015 - 23:21:50',
    status: 0 },
  { _id: '19/11/2015 - 2:5:25',
    username: 'trinhnguyen',
    email: 'trinhcnttk52@gmail.com',
    date_register: '19/11/2015 - 2:5:25',
    status: 0 },
  { _id: '11/19/2015 2:7:8',
    username: 'Guest',
    email: 'guest@guest.com',
    date_register: '11/19/2015 2:7:8',
    status: 0 },
  { _id: '11/19/2015 2:7:38',
    username: 'thanh',
    email: 'nguyenvanthanh2912@gmail.com',
    date_register: '11/19/2015 2:7:38',
    status: 0 },
  { _id: '11/19/2015 2:21:29',
    username: 'kid',
    email: 'dafasdfd@dfadsf.com',
    date_register: '11/19/2015 2:21:29',
    status: 0 },
  { _id: '11/19/2015 2:36:45',
    username: 'aa',
    email: 'aaa@gmail.com',
    date_register: '11/19/2015 2:36:45',
    status: 0 } ]
update user success
User offline
[ { _id: '18/11/2015 - 22:28:18',
    username: 'nguyensonghao',
    email: 'nguyensonghao974@gmail.com',
    date_register: '18/11/2015 - 22:28:18',
    status: 0 },
  { _id: '18/11/2015 - 23:19:20',
    username: 'nguyensonghao',
    email: 'hao@gmail.com',
    date_register: '18/11/2015 - 23:19:20',
    status: 0 },
  { _id: '18/11/2015 - 23:19:21',
    username: 'songnhi',
    email: 'trinhnguyen.se@gmail.com',
    date_register: '18/11/2015 - 23:19:21',
    status: 0 },
  { _id: '18/11/2015 - 23:21:12',
    username: 'ngoc',
    email: 'samakaonashii@gmail.com',
    date_register: '18/11/2015 - 23:21:12',
    status: 0 },
  { _id: '18/11/2015 - 23:21:50',
    username: 'Test',
    email: 'test@gmail.com',
    date_register: '18/11/2015 - 23:21:50',
    status: 0 },
  { _id: '19/11/2015 - 2:5:25',
    username: 'trinhnguyen',
    email: 'trinhcnttk52@gmail.com',
    date_register: '19/11/2015 - 2:5:25',
    status: 0 },
  { _id: '11/19/2015 2:7:8',
    username: 'Guest',
    email: 'guest@guest.com',
    date_register: '11/19/2015 2:7:8',
    status: 0 },
  { _id: '11/19/2015 2:7:38',
    username: 'thanh',
    email: 'nguyenvanthanh2912@gmail.com',
    date_register: '11/19/2015 2:7:38',
    status: 0 },
  { _id: '11/19/2015 2:21:29',
    username: 'kid',
    email: 'dafasdfd@dfadsf.com',
    date_register: '11/19/2015 2:21:29',
    status: 0 },
  { _id: '11/19/2015 2:36:45',
    username: 'aa',
    email: 'aaa@gmail.com',
    date_register: '11/19/2015 2:36:45',
    status: 0 } ]
insert user success
insert message success
update user success
User offline
[ { _id: '18/11/2015 - 22:28:18',
    username: 'nguyensonghao',
    email: 'nguyensonghao974@gmail.com',
    date_register: '18/11/2015 - 22:28:18',
    status: 0 },
  { _id: '18/11/2015 - 23:19:20',
    username: 'nguyensonghao',
    email: 'hao@gmail.com',
    date_register: '18/11/2015 - 23:19:20',
    status: 0 },
  { _id: '18/11/2015 - 23:19:21',
    username: 'songnhi',
    email: 'trinhnguyen.se@gmail.com',
    date_register: '18/11/2015 - 23:19:21',
    status: 0 },
  { _id: '18/11/2015 - 23:21:12',
    username: 'ngoc',
    email: 'samakaonashii@gmail.com',
    date_register: '18/11/2015 - 23:21:12',
    status: 0 },
  { _id: '18/11/2015 - 23:21:50',
    username: 'Test',
    email: 'test@gmail.com',
    date_register: '18/11/2015 - 23:21:50',
    status: 0 },
  { _id: '19/11/2015 - 2:5:25',
    username: 'trinhnguyen',
    email: 'trinhcnttk52@gmail.com',
    date_register: '19/11/2015 - 2:5:25',
    status: 0 },
  { _id: '11/19/2015 2:7:8',
    username: 'Guest',
    email: 'guest@guest.com',
    date_register: '11/19/2015 2:7:8',
    status: 0 },
  { _id: '11/19/2015 2:7:38',
    username: 'thanh',
    email: 'nguyenvanthanh2912@gmail.com',
    date_register: '11/19/2015 2:7:38',
    status: 0 },
  { _id: '11/19/2015 2:21:29',
    username: 'kid',
    email: 'dafasdfd@dfadsf.com',
    date_register: '11/19/2015 2:21:29',
    status: 0 },
  { _id: '11/19/2015 2:36:45',
    username: 'aa',
    email: 'aaa@gmail.com',
    date_register: '11/19/2015 2:36:45',
    status: 0 },
  { _id: '11/19/2015 2:46:11',
    username: 'kaka',
    email: 't@b',
    date_register: '11/19/2015 2:46:11',
    status: 0 } ]
user is updated online
[ { _id: '18/11/2015 - 22:28:18',
    username: 'nguyensonghao',
    email: 'nguyensonghao974@gmail.com',
    date_register: '18/11/2015 - 22:28:18',
    status: 0 },
  { _id: '18/11/2015 - 23:19:20',
    username: 'nguyensonghao',
    email: 'hao@gmail.com',
    date_register: '18/11/2015 - 23:19:20',
    status: 0 },
  { _id: '18/11/2015 - 23:19:21',
    username: 'songnhi',
    email: 'trinhnguyen.se@gmail.com',
    date_register: '18/11/2015 - 23:19:21',
    status: 0 },
  { _id: '18/11/2015 - 23:21:12',
    username: 'ngoc',
    email: 'samakaonashii@gmail.com',
    date_register: '18/11/2015 - 23:21:12',
    status: 0 },
  { _id: '18/11/2015 - 23:21:50',
    username: 'Test',
    email: 'test@gmail.com',
    date_register: '18/11/2015 - 23:21:50',
    status: 0 },
  { _id: '19/11/2015 - 2:5:25',
    username: 'trinhnguyen',
    email: 'trinhcnttk52@gmail.com',
    date_register: '19/11/2015 - 2:5:25',
    status: 0 },
  { _id: '11/19/2015 2:7:8',
    username: 'Guest',
    email: 'guest@guest.com',
    date_register: '11/19/2015 2:7:8',
    status: 0 },
  { _id: '11/19/2015 2:7:38',
    username: 'thanh',
    email: 'nguyenvanthanh2912@gmail.com',
    date_register: '11/19/2015 2:7:38',
    status: 0 },
  { _id: '11/19/2015 2:21:29',
    username: 'kid',
    email: 'dafasdfd@dfadsf.com',
    date_register: '11/19/2015 2:21:29',
    status: 0 },
  { _id: '11/19/2015 2:36:45',
    username: 'aa',
    email: 'aaa@gmail.com',
    date_register: '11/19/2015 2:36:45',
    status: 0 },
  { _id: '11/19/2015 2:46:11',
    username: 'kaka',
    email: 't@b',
    date_register: '11/19/2015 2:46:11',
    status: 1 } ]
update user success
User offline
[ { _id: '18/11/2015 - 22:28:18',
    username: 'nguyensonghao',
    email: 'nguyensonghao974@gmail.com',
    date_register: '18/11/2015 - 22:28:18',
    status: 0 },
  { _id: '18/11/2015 - 23:19:20',
    username: 'nguyensonghao',
    email: 'hao@gmail.com',
    date_register: '18/11/2015 - 23:19:20',
    status: 0 },
  { _id: '18/11/2015 - 23:19:21',
    username: 'songnhi',
    email: 'trinhnguyen.se@gmail.com',
    date_register: '18/11/2015 - 23:19:21',
    status: 0 },
  { _id: '18/11/2015 - 23:21:12',
    username: 'ngoc',
    email: 'samakaonashii@gmail.com',
    date_register: '18/11/2015 - 23:21:12',
    status: 0 },
  { _id: '18/11/2015 - 23:21:50',
    username: 'Test',
    email: 'test@gmail.com',
    date_register: '18/11/2015 - 23:21:50',
    status: 0 },
  { _id: '19/11/2015 - 2:5:25',
    username: 'trinhnguyen',
    email: 'trinhcnttk52@gmail.com',
    date_register: '19/11/2015 - 2:5:25',
    status: 0 },
  { _id: '11/19/2015 2:7:8',
    username: 'Guest',
    email: 'guest@guest.com',
    date_register: '11/19/2015 2:7:8',
    status: 0 },
  { _id: '11/19/2015 2:7:38',
    username: 'thanh',
    email: 'nguyenvanthanh2912@gmail.com',
    date_register: '11/19/2015 2:7:38',
    status: 0 },
  { _id: '11/19/2015 2:21:29',
    username: 'kid',
    email: 'dafasdfd@dfadsf.com',
    date_register: '11/19/2015 2:21:29',
    status: 0 },
  { _id: '11/19/2015 2:36:45',
    username: 'aa',
    email: 'aaa@gmail.com',
    date_register: '11/19/2015 2:36:45',
    status: 0 },
  { _id: '11/19/2015 2:46:11',
    username: 'kaka',
    email: 't@b',
    date_register: '11/19/2015 2:46:11',
    status: 0 } ]
insert user success
insert message success
insert message success
update user success
User offline
[ { _id: '18/11/2015 - 22:28:18',
    username: 'nguyensonghao',
    email: 'nguyensonghao974@gmail.com',
    date_register: '18/11/2015 - 22:28:18',
    status: 0 },
  { _id: '18/11/2015 - 23:19:20',
    username: 'nguyensonghao',
    email: 'hao@gmail.com',
    date_register: '18/11/2015 - 23:19:20',
    status: 0 },
  { _id: '18/11/2015 - 23:19:21',
    username: 'songnhi',
    email: 'trinhnguyen.se@gmail.com',
    date_register: '18/11/2015 - 23:19:21',
    status: 0 },
  { _id: '18/11/2015 - 23:21:12',
    username: 'ngoc',
    email: 'samakaonashii@gmail.com',
    date_register: '18/11/2015 - 23:21:12',
    status: 0 },
  { _id: '18/11/2015 - 23:21:50',
    username: 'Test',
    email: 'test@gmail.com',
    date_register: '18/11/2015 - 23:21:50',
    status: 0 },
  { _id: '19/11/2015 - 2:5:25',
    username: 'trinhnguyen',
    email: 'trinhcnttk52@gmail.com',
    date_register: '19/11/2015 - 2:5:25',
    status: 0 },
  { _id: '11/19/2015 2:7:8',
    username: 'Guest',
    email: 'guest@guest.com',
    date_register: '11/19/2015 2:7:8',
    status: 0 },
  { _id: '11/19/2015 2:7:38',
    username: 'thanh',
    email: 'nguyenvanthanh2912@gmail.com',
    date_register: '11/19/2015 2:7:38',
    status: 0 },
  { _id: '11/19/2015 2:21:29',
    username: 'kid',
    email: 'dafasdfd@dfadsf.com',
    date_register: '11/19/2015 2:21:29',
    status: 0 },
  { _id: '11/19/2015 2:36:45',
    username: 'aa',
    email: 'aaa@gmail.com',
    date_register: '11/19/2015 2:36:45',
    status: 0 },
  { _id: '11/19/2015 2:46:11',
    username: 'kaka',
    email: 't@b',
    date_register: '11/19/2015 2:46:11',
    status: 0 },
  { _id: '11/19/2015 20:8:58',
    username: 'hao',
    email: 'nguyensonghao974@gmail.cim',
    date_register: '11/19/2015 20:8:58',
    status: 0 } ]
user is updated online
[ { _id: '18/11/2015 - 22:28:18',
    username: 'nguyensonghao',
    email: 'nguyensonghao974@gmail.com',
    date_register: '18/11/2015 - 22:28:18',
    status: 0 },
  { _id: '18/11/2015 - 23:19:20',
    username: 'nguyensonghao',
    email: 'hao@gmail.com',
    date_register: '18/11/2015 - 23:19:20',
    status: 0 },
  { _id: '18/11/2015 - 23:19:21',
    username: 'songnhi',
    email: 'trinhnguyen.se@gmail.com',
    date_register: '18/11/2015 - 23:19:21',
    status: 0 },
  { _id: '18/11/2015 - 23:21:12',
    username: 'ngoc',
    email: 'samakaonashii@gmail.com',
    date_register: '18/11/2015 - 23:21:12',
    status: 0 },
  { _id: '18/11/2015 - 23:21:50',
    username: 'Test',
    email: 'test@gmail.com',
    date_register: '18/11/2015 - 23:21:50',
    status: 0 },
  { _id: '19/11/2015 - 2:5:25',
    username: 'trinhnguyen',
    email: 'trinhcnttk52@gmail.com',
    date_register: '19/11/2015 - 2:5:25',
    status: 0 },
  { _id: '11/19/2015 2:7:8',
    username: 'Guest',
    email: 'guest@guest.com',
    date_register: '11/19/2015 2:7:8',
    status: 0 },
  { _id: '11/19/2015 2:7:38',
    username: 'thanh',
    email: 'nguyenvanthanh2912@gmail.com',
    date_register: '11/19/2015 2:7:38',
    status: 0 },
  { _id: '11/19/2015 2:21:29',
    username: 'kid',
    email: 'dafasdfd@dfadsf.com',
    date_register: '11/19/2015 2:21:29',
    status: 0 },
  { _id: '11/19/2015 2:36:45',
    username: 'aa',
    email: 'aaa@gmail.com',
    date_register: '11/19/2015 2:36:45',
    status: 0 },
  { _id: '11/19/2015 2:46:11',
    username: 'kaka',
    email: 't@b',
    date_register: '11/19/2015 2:46:11',
    status: 0 },
  { _id: '11/19/2015 20:8:58',
    username: 'hao',
    email: 'nguyensonghao974@gmail.cim',
    date_register: '11/19/2015 20:8:58',
    status: 1 } ]
insert user success
insert message success
insert message private success
insert message private success
update message success
insert message private success
insert message private success
insert message private success
insert message private success
user is updated online
[ { _id: '18/11/2015 - 22:28:18',
    username: 'nguyensonghao',
    email: 'nguyensonghao974@gmail.com',
    date_register: '18/11/2015 - 22:28:18',
    status: 0 },
  { _id: '18/11/2015 - 23:19:20',
    username: 'nguyensonghao',
    email: 'hao@gmail.com',
    date_register: '18/11/2015 - 23:19:20',
    status: 0 },
  { _id: '18/11/2015 - 23:19:21',
    username: 'songnhi',
    email: 'trinhnguyen.se@gmail.com',
    date_register: '18/11/2015 - 23:19:21',
    status: 0 },
  { _id: '18/11/2015 - 23:21:12',
    username: 'ngoc',
    email: 'samakaonashii@gmail.com',
    date_register: '18/11/2015 - 23:21:12',
    status: 0 },
  { _id: '18/11/2015 - 23:21:50',
    username: 'Test',
    email: 'test@gmail.com',
    date_register: '18/11/2015 - 23:21:50',
    status: 0 },
  { _id: '19/11/2015 - 2:5:25',
    username: 'trinhnguyen',
    email: 'trinhcnttk52@gmail.com',
    date_register: '19/11/2015 - 2:5:25',
    status: 0 },
  { _id: '11/19/2015 2:7:8',
    username: 'Guest',
    email: 'guest@guest.com',
    date_register: '11/19/2015 2:7:8',
    status: 0 },
  { _id: '11/19/2015 2:7:38',
    username: 'thanh',
    email: 'nguyenvanthanh2912@gmail.com',
    date_register: '11/19/2015 2:7:38',
    status: 0 },
  { _id: '11/19/2015 2:21:29',
    username: 'kid',
    email: 'dafasdfd@dfadsf.com',
    date_register: '11/19/2015 2:21:29',
    status: 0 },
  { _id: '11/19/2015 2:36:45',
    username: 'aa',
    email: 'aaa@gmail.com',
    date_register: '11/19/2015 2:36:45',
    status: 0 },
  { _id: '11/19/2015 2:46:11',
    username: 'kaka',
    email: 't@b',
    date_register: '11/19/2015 2:46:11',
    status: 0 },
  { _id: '11/19/2015 20:8:58',
    username: 'hao',
    email: 'nguyensonghao974@gmail.cim',
    date_register: '11/19/2015 20:8:58',
    status: 1 },
  { _id: '11/19/2015 20:23:33',
    username: 'tienvu',
    email: 'nguyentienvu@gmail.com',
    date_register: '11/19/2015 20:23:33',
    status: 1 } ]
user is updated online
[ { _id: '18/11/2015 - 22:28:18',
    username: 'nguyensonghao',
    email: 'nguyensonghao974@gmail.com',
    date_register: '18/11/2015 - 22:28:18',
    status: 0 },
  { _id: '18/11/2015 - 23:19:20',
    username: 'nguyensonghao',
    email: 'hao@gmail.com',
    date_register: '18/11/2015 - 23:19:20',
    status: 0 },
  { _id: '18/11/2015 - 23:19:21',
    username: 'songnhi',
    email: 'trinhnguyen.se@gmail.com',
    date_register: '18/11/2015 - 23:19:21',
    status: 0 },
  { _id: '18/11/2015 - 23:21:12',
    username: 'ngoc',
    email: 'samakaonashii@gmail.com',
    date_register: '18/11/2015 - 23:21:12',
    status: 0 },
  { _id: '18/11/2015 - 23:21:50',
    username: 'Test',
    email: 'test@gmail.com',
    date_register: '18/11/2015 - 23:21:50',
    status: 0 },
  { _id: '19/11/2015 - 2:5:25',
    username: 'trinhnguyen',
    email: 'trinhcnttk52@gmail.com',
    date_register: '19/11/2015 - 2:5:25',
    status: 0 },
  { _id: '11/19/2015 2:7:8',
    username: 'Guest',
    email: 'guest@guest.com',
    date_register: '11/19/2015 2:7:8',
    status: 0 },
  { _id: '11/19/2015 2:7:38',
    username: 'thanh',
    email: 'nguyenvanthanh2912@gmail.com',
    date_register: '11/19/2015 2:7:38',
    status: 0 },
  { _id: '11/19/2015 2:21:29',
    username: 'kid',
    email: 'dafasdfd@dfadsf.com',
    date_register: '11/19/2015 2:21:29',
    status: 0 },
  { _id: '11/19/2015 2:36:45',
    username: 'aa',
    email: 'aaa@gmail.com',
    date_register: '11/19/2015 2:36:45',
    status: 0 },
  { _id: '11/19/2015 2:46:11',
    username: 'kaka',
    email: 't@b',
    date_register: '11/19/2015 2:46:11',
    status: 0 },
  { _id: '11/19/2015 20:8:58',
    username: 'hao',
    email: 'nguyensonghao974@gmail.cim',
    date_register: '11/19/2015 20:8:58',
    status: 1 },
  { _id: '11/19/2015 20:23:33',
    username: 'tienvu',
    email: 'nguyentienvu@gmail.com',
    date_register: '11/19/2015 20:23:33',
    status: 1 } ]
